<?xml version="1.0" encoding="UTF-8"?>
<testng-results ignored="0" total="2" passed="2" failed="0" skipped="0">
  <reporter-output>
  </reporter-output>
  <suite started-at="2022-05-24T20:36:02 IST" name="Default suite" finished-at="2022-05-24T20:36:51 IST" duration-ms="49192">
    <groups>
    </groups>
    <test started-at="2022-05-24T20:36:02 IST" name="Default test" finished-at="2022-05-24T20:36:51 IST" duration-ms="49192">
      <class name="tests.Loginpage">
        <test-method signature="login(java.lang.String,java.lang.String,java.lang.String)[pri:0, instance:tests.Loginpage@3349e9bb]" started-at="2022-05-24T20:36:02 IST" name="login" data-provider="getlogindata" finished-at="2022-05-24T20:36:21 IST" duration-ms="19602" status="PASS">
          <params>
            <param index="0">
              <value>
                <![CDATA[stalinmlmrma@gmail.com]]>
              </value>
            </param>
            <param index="1">
              <value>
                <![CDATA[9092707696]]>
              </value>
            </param>
            <param index="2">
              <value>
                <![CDATA[Sucessfull]]>
              </value>
            </param>
          </params>
          <reporter-output>
          </reporter-output>
        </test-method> <!-- login -->
        <test-method is-config="true" signature="closure()[pri:0, instance:tests.Loginpage@3349e9bb]" started-at="2022-05-24T20:36:21 IST" name="closure" finished-at="2022-05-24T20:36:22 IST" duration-ms="92" status="PASS">
          <reporter-output>
          </reporter-output>
        </test-method> <!-- closure -->
        <test-method signature="login(java.lang.String,java.lang.String,java.lang.String)[pri:0, instance:tests.Loginpage@3349e9bb]" started-at="2022-05-24T20:36:22 IST" name="login" data-provider="getlogindata" finished-at="2022-05-24T20:36:51 IST" duration-ms="29403" status="PASS">
          <params>
            <param index="0">
              <value>
                <![CDATA[dummy@test.com]]>
              </value>
            </param>
            <param index="1">
              <value>
                <![CDATA[12356460]]>
              </value>
            </param>
            <param index="2">
              <value>
                <![CDATA[Failure]]>
              </value>
            </param>
          </params>
          <reporter-output>
          </reporter-output>
        </test-method> <!-- login -->
        <test-method is-config="true" signature="closure()[pri:0, instance:tests.Loginpage@3349e9bb]" started-at="2022-05-24T20:36:51 IST" name="closure" finished-at="2022-05-24T20:36:51 IST" duration-ms="46" status="PASS">
          <reporter-output>
          </reporter-output>
        </test-method> <!-- closure -->
      </class> <!-- tests.Loginpage -->
    </test> <!-- Default test -->
  </suite> <!-- Default suite -->
</testng-results>
