<?xml version="1.0" encoding="UTF-8"?>
<testng-results ignored="0" total="1" passed="1" failed="0" skipped="0">
  <reporter-output>
  </reporter-output>
  <suite started-at="2022-05-31T15:00:10 IST" name="Default suite" finished-at="2022-05-31T15:00:35 IST" duration-ms="25262">
    <groups>
    </groups>
    <test started-at="2022-05-31T15:00:10 IST" name="Default test" finished-at="2022-05-31T15:00:35 IST" duration-ms="25262">
      <class name="tests.Cartpage">
        <test-method is-config="true" signature="open2()[pri:0, instance:tests.Cartpage@72967906]" started-at="2022-05-31T15:00:10 IST" name="open2" finished-at="2022-05-31T15:00:29 IST" duration-ms="19065" status="PASS">
          <reporter-output>
          </reporter-output>
        </test-method> <!-- open2 -->
        <test-method signature="Tabletsincart()[pri:0, instance:tests.Cartpage@72967906]" started-at="2022-05-31T15:00:29 IST" name="Tabletsincart" finished-at="2022-05-31T15:00:35 IST" duration-ms="6151" status="PASS">
          <reporter-output>
          </reporter-output>
        </test-method> <!-- Tabletsincart -->
      </class> <!-- tests.Cartpage -->
    </test> <!-- Default test -->
  </suite> <!-- Default suite -->
</testng-results>
